<?xml version="1.0" encoding="UTF-8"?>
<!-- Generated by org.testng.reporters.JUnitXMLReporter -->
<testsuite ignored="0" hostname="LAPTOP-EQOIFU5J" failures="0" tests="3" name="Default test" time="5.068" errors="0" timestamp="2025-11-23T18:21:31 IST">
  <testcase classname="com.AutomationProject.tests.SignupTest" name="verifyAlertWhenSubmittingEmptyFields" time="1.407"/>
  <testcase classname="com.AutomationProject.tests.SignupTest" name="verifyUserCanSignUpSuccessfully" time="2.04"/>
  <testcase classname="com.AutomationProject.tests.SignupTest" name="verifyErrorShownWhenUsernameAlreadyExists" time="1.558"/>
</testsuite> <!-- Default test -->
