<?xml version="1.0" encoding="UTF-8"?>
<!-- Generated by org.testng.reporters.JUnitXMLReporter -->
<testsuite ignored="0" hostname="LAPTOP-EQOIFU5J" failures="0" tests="3" name="Test" time="5.118" errors="0" timestamp="2025-11-23T18:22:16 IST">
  <testcase classname="com.AutomationProject.tests.SignupTest" name="verifyAlertWhenSubmittingEmptyFields" time="1.717"/>
  <testcase classname="com.AutomationProject.tests.SignupTest" name="verifyUserCanSignUpSuccessfully" time="1.907"/>
  <testcase classname="com.AutomationProject.tests.SignupTest" name="verifyErrorShownWhenUsernameAlreadyExists" time="1.437"/>
</testsuite> <!-- Test -->
