<?xml version="1.0" encoding="UTF-8"?>
<testng-results ignored="0" total="3" passed="3" failed="0" skipped="0">
  <reporter-output>
  </reporter-output>
  <suite started-at="2025-11-23T18:22:11 IST" name="Suite" finished-at="2025-11-23T18:22:16 IST" duration-ms="5118">
    <groups>
    </groups>
    <test started-at="2025-11-23T18:22:11 IST" name="Test" finished-at="2025-11-23T18:22:16 IST" duration-ms="5118">
      <class name="com.AutomationProject.tests.SignupTest">
        <test-method is-config="true" signature="setUpSuite()[pri:0, instance:com.AutomationProject.tests.SignupTest@247bddad]" started-at="2025-11-23T18:22:07 IST" name="setUpSuite" finished-at="2025-11-23T18:22:11 IST" duration-ms="4484" status="PASS">
          <reporter-output>
          </reporter-output>
        </test-method> <!-- setUpSuite -->
        <test-method signature="verifyAlertWhenSubmittingEmptyFields()[pri:1, instance:com.AutomationProject.tests.SignupTest@247bddad]" started-at="2025-11-23T18:22:11 IST" name="verifyAlertWhenSubmittingEmptyFields" finished-at="2025-11-23T18:22:13 IST" duration-ms="1717" status="PASS">
          <reporter-output>
          </reporter-output>
        </test-method> <!-- verifyAlertWhenSubmittingEmptyFields -->
        <test-method signature="verifyUserCanSignUpSuccessfully()[pri:2, instance:com.AutomationProject.tests.SignupTest@247bddad]" started-at="2025-11-23T18:22:13 IST" name="verifyUserCanSignUpSuccessfully" finished-at="2025-11-23T18:22:15 IST" duration-ms="1907" status="PASS">
          <reporter-output>
          </reporter-output>
        </test-method> <!-- verifyUserCanSignUpSuccessfully -->
        <test-method signature="verifyErrorShownWhenUsernameAlreadyExists()[pri:3, instance:com.AutomationProject.tests.SignupTest@247bddad]" started-at="2025-11-23T18:22:15 IST" name="verifyErrorShownWhenUsernameAlreadyExists" finished-at="2025-11-23T18:22:16 IST" duration-ms="1437" status="PASS">
          <reporter-output>
          </reporter-output>
        </test-method> <!-- verifyErrorShownWhenUsernameAlreadyExists -->
        <test-method is-config="true" signature="tearDownSuite()[pri:0, instance:com.AutomationProject.tests.SignupTest@247bddad]" started-at="2025-11-23T18:22:16 IST" name="tearDownSuite" finished-at="2025-11-23T18:22:17 IST" duration-ms="920" status="PASS">
          <reporter-output>
          </reporter-output>
        </test-method> <!-- tearDownSuite -->
      </class> <!-- com.AutomationProject.tests.SignupTest -->
    </test> <!-- Test -->
  </suite> <!-- Suite -->
</testng-results>
