<?xml version="1.0" encoding="UTF-8"?>
<testng-results ignored="0" total="3" passed="3" failed="0" skipped="0">
  <reporter-output>
  </reporter-output>
  <suite started-at="2025-11-23T17:11:50 IST" name="Default suite" finished-at="2025-11-23T17:11:56 IST" duration-ms="5208">
    <groups>
    </groups>
    <test started-at="2025-11-23T17:11:50 IST" name="Default test" finished-at="2025-11-23T17:11:56 IST" duration-ms="5208">
      <class name="com.AutomationProject.tests.SignupTest">
        <test-method is-config="true" signature="setUpSuite()[pri:0, instance:com.AutomationProject.tests.SignupTest@38afe297]" started-at="2025-11-23T17:11:46 IST" name="setUpSuite" finished-at="2025-11-23T17:11:50 IST" duration-ms="4605" status="PASS">
          <reporter-output>
          </reporter-output>
        </test-method> <!-- setUpSuite -->
        <test-method signature="verifyAlertWhenSubmittingEmptyFields()[pri:1, instance:com.AutomationProject.tests.SignupTest@38afe297]" started-at="2025-11-23T17:11:51 IST" name="verifyAlertWhenSubmittingEmptyFields" finished-at="2025-11-23T17:11:52 IST" duration-ms="1746" status="PASS">
          <reporter-output>
          </reporter-output>
        </test-method> <!-- verifyAlertWhenSubmittingEmptyFields -->
        <test-method signature="verifyUserCanSignUpSuccessfully()[pri:2, instance:com.AutomationProject.tests.SignupTest@38afe297]" started-at="2025-11-23T17:11:52 IST" name="verifyUserCanSignUpSuccessfully" finished-at="2025-11-23T17:11:54 IST" duration-ms="1772" status="PASS">
          <reporter-output>
          </reporter-output>
        </test-method> <!-- verifyUserCanSignUpSuccessfully -->
        <test-method signature="verifyErrorShownWhenUsernameAlreadyExists()[pri:3, instance:com.AutomationProject.tests.SignupTest@38afe297]" started-at="2025-11-23T17:11:54 IST" name="verifyErrorShownWhenUsernameAlreadyExists" finished-at="2025-11-23T17:11:56 IST" duration-ms="1622" status="PASS">
          <reporter-output>
          </reporter-output>
        </test-method> <!-- verifyErrorShownWhenUsernameAlreadyExists -->
        <test-method is-config="true" signature="tearDownSuite()[pri:0, instance:com.AutomationProject.tests.SignupTest@38afe297]" started-at="2025-11-23T17:11:56 IST" name="tearDownSuite" finished-at="2025-11-23T17:11:57 IST" duration-ms="854" status="PASS">
          <reporter-output>
          </reporter-output>
        </test-method> <!-- tearDownSuite -->
      </class> <!-- com.AutomationProject.tests.SignupTest -->
    </test> <!-- Default test -->
  </suite> <!-- Default suite -->
</testng-results>
