<?xml version="1.0" encoding="UTF-8"?>
<!-- Generated by org.testng.reporters.JUnitReportReporter -->
<testsuite hostname="LAPTOP-EQOIFU5J" failures="0" tests="3" name="com.AutomationProject.tests.SignupTest" time="5.140" errors="0" timestamp="2025-11-23T17:11:57 IST" skipped="0">
  <testcase classname="com.AutomationProject.tests.SignupTest" name="verifyAlertWhenSubmittingEmptyFields" time="1.746"/>
  <testcase classname="com.AutomationProject.tests.SignupTest" name="verifyUserCanSignUpSuccessfully" time="1.772"/>
  <testcase classname="com.AutomationProject.tests.SignupTest" name="verifyErrorShownWhenUsernameAlreadyExists" time="1.622"/>
</testsuite> <!-- com.AutomationProject.tests.SignupTest -->
