<?xml version="1.0" encoding="UTF-8"?>
<!-- Generated by org.testng.reporters.JUnitReportReporter -->
<testsuite hostname="LAPTOP-EQOIFU5J" failures="0" tests="3" name="com.AutomationProject.tests.SignupTest" time="5.061" errors="0" timestamp="2025-11-23T18:22:17 IST" skipped="0">
  <testcase classname="com.AutomationProject.tests.SignupTest" name="verifyAlertWhenSubmittingEmptyFields" time="1.717"/>
  <testcase classname="com.AutomationProject.tests.SignupTest" name="verifyUserCanSignUpSuccessfully" time="1.907"/>
  <testcase classname="com.AutomationProject.tests.SignupTest" name="verifyErrorShownWhenUsernameAlreadyExists" time="1.437"/>
</testsuite> <!-- com.AutomationProject.tests.SignupTest -->
